<?xml version="1.0" encoding="UTF-8"?>
<!-- Generated by org.testng.reporters.JUnitReportReporter -->
<testsuite hostname="DESKTOP-LJ15L86" failures="0" tests="3" name="com.qa.hubspot.tests.LoginPageTest" time="6.062" errors="0" timestamp="27 Jul 2020 22:36:30 GMT" skipped="0">
  <testcase classname="com.qa.hubspot.tests.LoginPageTest" name="verifySignUpLinkTest" time="5.031"/>
  <testcase classname="com.qa.hubspot.tests.LoginPageTest" name="verifygetLoginPageTitle" time="0.218"/>
  <testcase classname="com.qa.hubspot.tests.LoginPageTest" name="doLogin" time="0.813"/>
</testsuite> <!-- com.qa.hubspot.tests.LoginPageTest -->
