<?xml version="1.0" encoding="UTF-8"?>
<!-- Generated by org.testng.reporters.JUnitReportReporter -->
<testsuite hostname="DESKTOP-LJ15L86" failures="0" tests="3" name="com.qa.hubspot.tests.HomePageTest" time="3.227" errors="0" timestamp="27 Jul 2020 22:33:58 GMT" skipped="0">
  <testcase classname="com.qa.hubspot.tests.HomePageTest" name="verifygetHomePageTitle" time="2.148"/>
  <testcase classname="com.qa.hubspot.tests.HomePageTest" name="verifygetHeader" time="0.766"/>
  <testcase classname="com.qa.hubspot.tests.HomePageTest" name="verifygetLoggedAccountText" time="0.313"/>
</testsuite> <!-- com.qa.hubspot.tests.HomePageTest -->
