<?xml version="1.0" encoding="UTF-8"?>
<!-- Generated by org.testng.reporters.JUnitReportReporter -->
<testsuite hostname="DESKTOP-LJ15L86" failures="0" tests="5" name="com.qa.hubspot.tests.ContactPageTest" time="24.753" errors="0" timestamp="2020-07-16T15:48:51 CDT" skipped="0">
  <testcase classname="com.qa.hubspot.tests.ContactPageTest" name="verifygetTitle" time="0.306"/>
  <system-out/>
  <testcase classname="com.qa.hubspot.tests.ContactPageTest" name="verifygetHeader" time="1.077"/>
  <system-out/>
  <testcase classname="com.qa.hubspot.tests.ContactPageTest" name="verifygetContacts" time="8.375"/>
  <system-out/>
  <testcase classname="com.qa.hubspot.tests.ContactPageTest" name="verifygetContacts" time="8.068"/>
  <system-out/>
  <testcase classname="com.qa.hubspot.tests.ContactPageTest" name="verifygetContacts" time="6.927"/>
  <system-out/>
</testsuite> <!-- com.qa.hubspot.tests.ContactPageTest -->
