<?xml version="1.0" encoding="UTF-8"?>
<!-- Generated by org.testng.reporters.JUnitReportReporter -->
<testsuite hostname="DESKTOP-LJ15L86" failures="0" tests="3" name="com.qa.hubspot.tests.LoginPageTest" time="7.033" errors="0" timestamp="20 Jul 2020 16:45:45 GMT" skipped="0">
  <testcase classname="com.qa.hubspot.tests.LoginPageTest" name="verifySignUpLinkTest" time="6.255"/>
  <testcase classname="com.qa.hubspot.tests.LoginPageTest" name="verifygetLoginPageTitle" time="0.053"/>
  <testcase classname="com.qa.hubspot.tests.LoginPageTest" name="doLogin" time="0.725"/>
</testsuite> <!-- com.qa.hubspot.tests.LoginPageTest -->
